[28-May-2023 07:23:36 UTC] /repo/src/PhpTraining/TicTacToe/TicTacToe.php:176
#0 /repo/templates/site/training/tic_tac_toe.phtml(22): PhpTraining\TicTacToe\TicTacToe->sanitize()
#1 /repo/vendor/unlikelysource/filecms-core/src/Common/View/Html.php(294): include('...')
#2 /repo/vendor/unlikelysource/filecms-core/src/Common/View/Html.php(131): FileCMS\Common\View\Html->runPhpFile()
#3 /repo/vendor/unlikelysource/filecms-core/src/Common/View/Html.php(93): FileCMS\Common\View\Html->partial()
#4 /repo/public/index.php(19): FileCMS\Common\View\Html->render()
#5 {main}
[28-May-2023 07:24:19 UTC] /repo/templates/site/training/tic_tac_toe.phtml:53
#0 /repo/vendor/unlikelysource/filecms-core/src/Common/View/Html.php(294): include()
#1 /repo/vendor/unlikelysource/filecms-core/src/Common/View/Html.php(131): FileCMS\Common\View\Html->runPhpFile()
#2 /repo/vendor/unlikelysource/filecms-core/src/Common/View/Html.php(93): FileCMS\Common\View\Html->partial()
#3 /repo/public/index.php(19): FileCMS\Common\View\Html->render()
#4 {main}
[28-May-2023 07:25:24 UTC] /repo/src/PhpTraining/TicTacToe/TicTacToe.php:73
#0 /repo/templates/site/training/tic_tac_toe.phtml(30): PhpTraining\TicTacToe\TicTacToe->checkWin()
#1 /repo/vendor/unlikelysource/filecms-core/src/Common/View/Html.php(294): include('...')
#2 /repo/vendor/unlikelysource/filecms-core/src/Common/View/Html.php(131): FileCMS\Common\View\Html->runPhpFile()
#3 /repo/vendor/unlikelysource/filecms-core/src/Common/View/Html.php(93): FileCMS\Common\View\Html->partial()
#4 /repo/public/index.php(19): FileCMS\Common\View\Html->render()
#5 {main}
[28-May-2023 07:39:48 UTC] array (
  'category' => 'Cities',
  'amount' => '400',
  'answer' => 'If you left NYC at 10:00 AM and flew straight for eight hours, you would arrive in this city at 12 noon',
  'question' => 'What is Honolulu?',
  'url' => 'https://en.wikipedia.org/wiki/Honolulu',
)
[28-May-2023 07:39:48 UTC] array (
  'category' => 'Culture',
  'amount' => '400',
  'answer' => 'Americans own almost 50 percent of the world\'s total of this item, weighing in at 120 of these per 100 people in the USA',
  'question' => 'What is a gun (firearm)?',
  'url' => 'https://en.wikipedia.org/wiki/Small_Arms_Survey',
)
[28-May-2023 07:39:48 UTC] array (
  'category' => 'History',
  'amount' => '400',
  'answer' => 'This American president commanded PT 109 during WW II and dated the actress Marilyn Monroe',
  'question' => 'Who was John F Kennedy?',
  'url' => 'https://en.wikipedia.org/wiki/John_F._Kennedy',
)
[28-May-2023 07:39:48 UTC] array (
  'category' => 'Languages',
  'amount' => '400',
  'answer' => 'This group of people living in the US are called Dutch, but has members who still speak German as their main language',
  'question' => 'Who are the Amish?',
  'url' => 'https://en.wikipedia.org/wiki/Amish',
)
[28-May-2023 07:39:48 UTC] array (
  'category' => 'States',
  'amount' => '400',
  'answer' => 'If this state were a country, it would have the 5th largest economy in the world',
  'question' => 'What is California?',
  'url' => 'https://en.wikipedia.org/wiki/California#/',
)
[28-May-2023 07:39:48 UTC] array (
  'category' => 'Water',
  'amount' => '400',
  'answer' => 'This is the 2nd largest fresh water lake in the world by surface area, and the 4th largest by volume',
  'question' => 'What is Lake Superior?',
  'url' => 'https://en.wikipedia.org/wiki/Lake_Superior',
)
[28-May-2023 07:39:48 UTC] array (
  'category' => 'Cities',
  'amount' => '800',
  'answer' => 'This is a capital city, the 54th largest city in the USA, and is located in a state that has the same beginning and ending letter',
  'question' => 'What is Cleveland, Ohio?',
  'url' => 'https://en.wikipedia.org/wiki/Cleveland',
)
[28-May-2023 07:39:48 UTC] array (
  'category' => 'Culture',
  'amount' => '800',
  'answer' => 'This classic American food is named after a type of meat it doesn\'t use',
  'question' => 'What is a hamburger?',
  'url' => 'https://en.wikipedia.org/wiki/Hamburger',
)
[28-May-2023 07:39:48 UTC] array (
  'category' => 'History',
  'amount' => '800',
  'answer' => 'This famous US president won an unprecedented four elections, launched the New Deal, and initiated the Mahattan Project',
  'question' => 'Who was Franklin Delano Roosevelt (FDR)?',
  'url' => 'https://en.wikipedia.org/wiki/Franklin_D._Roosevelt',
)
[28-May-2023 07:39:48 UTC] array (
  'category' => 'Languages',
  'amount' => '800',
  'answer' => 'This famous city when it was founded had French as its official language',
  'question' => 'What is New Orleans?',
  'url' => 'https://en.wikipedia.org/wiki/New_Orleans',
)
[28-May-2023 07:39:48 UTC] array (
  'category' => 'States',
  'amount' => '800',
  'answer' => 'The states of Massachusetts, New Hampshire, Rhode Island, Connecticut, New York, Pennsylvania, New Jersey, Delaware, Maryland, Virginia, North Carolina, South Carolina, and Georgia have this in common',
  'question' => 'What were the 13 colonies?',
  'url' => 'https://en.wikipedia.org/wiki/Thirteen_Colonies',
)
[28-May-2023 07:39:48 UTC] array (
  'category' => 'Water',
  'amount' => '800',
  'answer' => 'The name of this river is 11 letters long, but only uses 4 unique letters',
  'question' => 'What is the Mississippi river?',
  'url' => 'https://en.wikipedia.org/wiki/Mississippi_River',
)
[28-May-2023 07:39:48 UTC] array (
  'category' => 'Cities',
  'amount' => '1200',
  'answer' => 'This city is the 20th largest in the US, does not belong to any state, and has no representation in congress',
  'question' => 'What is Washington DC?',
  'url' => 'https://en.wikipedia.org/wiki/Washington%2C_D.C.',
)
[28-May-2023 07:39:48 UTC] array (
  'category' => 'Culture',
  'amount' => '1200',
  'answer' => 'This character was the protagonist in two famous novels written by the author Samuel Clemens',
  'question' => 'Who was Tom Sawyer?',
  'url' => 'https://en.wikipedia.org/wiki/Mark_Twain',
)
[28-May-2023 07:39:48 UTC] array (
  'category' => 'History',
  'amount' => '1200',
  'answer' => 'This famous American was the country\'s first post master and founded its first fire department',
  'question' => 'Who is Benjamin Franklin?',
  'url' => 'https://en.wikipedia.org/wiki/Benjamin_Franklin',
)
[28-May-2023 07:39:48 UTC] array (
  'category' => 'Languages',
  'amount' => '1200',
  'answer' => 'This language is spoken by 5 million people who live primarily in the states of New York and California',
  'question' => 'What is Chinese?',
  'url' => 'https://en.wikipedia.org/wiki/Chinese_Americans',
)
[28-May-2023 07:39:48 UTC] array (
  'category' => 'States',
  'amount' => '1200',
  'answer' => 'The states of South Carolina, Mississippi, Florida, Alabama, Georgia, Louisiana, and Texas had this common political affiliation',
  'question' => 'What were the Confederate States of America or What was the Confederacy?',
  'url' => 'https://en.wikipedia.org/wiki/Confederate_States_of_America',
)
[28-May-2023 07:39:48 UTC] array (
  'category' => 'Water',
  'amount' => '1200',
  'answer' => 'This lake has higher salinity than the oceans',
  'question' => 'What is the Great Salt Lake?',
  'url' => 'https://en.wikipedia.org/wiki/Great_Salt_Lake',
)
[28-May-2023 07:39:48 UTC] array (
  'category' => 'Cities',
  'amount' => '1600',
  'answer' => 'This city has residents whose inhabitants originate from more than 140 countries and speak 224 different identified languages',
  'question' => 'What is Los Angeles?',
  'url' => 'https://en.wikipedia.org/wiki/Los_Angeles#Demographics',
)
[28-May-2023 07:39:48 UTC] array (
  'category' => 'Culture',
  'amount' => '1600',
  'answer' => 'This actor and producer starred in a movie about media baron William Randolph Hearst, and later did a radio broadcast that caused a national panic',
  'question' => 'Who is Orson Welles?',
  'url' => 'https://en.wikipedia.org/wiki/Orson_Welles',
)
[28-May-2023 07:39:48 UTC] array (
  'category' => 'History',
  'amount' => '1600',
  'answer' => 'This famous city was originally called New Amsterdam',
  'question' => 'What is New York?',
  'url' => 'https://en.wikipedia.org/wiki/New_York_City#Dutch_rule',
)
[28-May-2023 07:39:48 UTC] array (
  'category' => 'Languages',
  'amount' => '1600',
  'answer' => 'This part of the United States has declared Spanish as its official language',
  'question' => 'What is Puerto Rico?',
  'url' => 'https://en.wikipedia.org/wiki/Puerto_Rico',
)
[28-May-2023 07:39:48 UTC] array (
  'category' => 'States',
  'amount' => '1600',
  'answer' => 'Before 2006, this one state spanned three separate timezones',
  'question' => 'What is Indiana?',
  'url' => 'https://en.wikipedia.org/wiki/Time_in_Indiana#County_petitions',
)
[28-May-2023 07:39:48 UTC] array (
  'category' => 'Water',
  'amount' => '1600',
  'answer' => 'This river has caught on fire more than a dozen times',
  'question' => 'What is the Cuyahoga River?',
  'url' => 'https://en.wikipedia.org/wiki/Cuyahoga_River',
)
[28-May-2023 07:39:48 UTC] array (
  'category' => 'Cities',
  'amount' => '2000',
  'answer' => 'This city is the southernmost point of the continental US',
  'question' => 'What is Key West?',
  'url' => 'https://en.wikipedia.org/wiki/Key_West',
)
[28-May-2023 07:39:48 UTC] array (
  'category' => 'Culture',
  'amount' => '2000',
  'answer' => 'This landmark luxury hotel casino won its 10th consecutive five-diamond award in 2020 and is notable for its Dancing Water fountain',
  'question' => 'What is the Bellagio?',
  'url' => 'https://en.wikipedia.org/wiki/Bellagio_(resort)',
)
[28-May-2023 07:39:48 UTC] array (
  'category' => 'History',
  'amount' => '2000',
  'answer' => 'This federation of five tribes spanned almost the entire northeast quarter the country 50 years before Christopher Columbus sailed for the New World',
  'question' => 'Who were the Iroqois?',
  'url' => 'https://en.wikipedia.org/wiki/Iroquois#/',
)
[28-May-2023 07:39:48 UTC] array (
  'category' => 'Languages',
  'amount' => '2000',
  'answer' => 'After English, Spanish, and Chinese, this is the next most common language spoken in the USA',
  'question' => 'What is Tagalog?',
  'url' => 'https://en.wikipedia.org/wiki/Languages_of_the_United_States',
)
[28-May-2023 07:39:48 UTC] array (
  'category' => 'States',
  'amount' => '2000',
  'answer' => 'This state contains a park is neither a state nor a national park, but covers an area greater than Yellowstone, Yosemite, and the Grand Canyon combined',
  'question' => 'What is New York State?',
  'url' => 'https://en.wikipedia.org/wiki/Adirondack_Park',
)
[28-May-2023 07:39:48 UTC] array (
  'category' => 'Water',
  'amount' => '2000',
  'answer' => 'Lake Canandaigua, Keuka, Senaca, Cayuga, and Owasco are known as this',
  'question' => 'What are the Finger Lakes?',
  'url' => 'https://en.wikipedia.org/wiki/Finger_Lakes',
)
[28-May-2023 07:42:24 UTC] array (
  'category' => 'Cities',
  'amount' => '400',
  'answer' => 'If you left NYC at 10:00 AM and flew straight for eight hours, you would arrive in this city at 12 noon',
  'question' => 'What is Honolulu?',
  'url' => 'https://en.wikipedia.org/wiki/Honolulu',
)
[28-May-2023 07:42:24 UTC] array (
  'category' => 'Culture',
  'amount' => '400',
  'answer' => 'Americans own almost 50 percent of the world\'s total of this item, weighing in at 120 of these per 100 people in the USA',
  'question' => 'What is a gun (firearm)?',
  'url' => 'https://en.wikipedia.org/wiki/Small_Arms_Survey',
)
[28-May-2023 07:42:24 UTC] array (
  'category' => 'History',
  'amount' => '400',
  'answer' => 'This American president commanded PT 109 during WW II and dated the actress Marilyn Monroe',
  'question' => 'Who was John F Kennedy?',
  'url' => 'https://en.wikipedia.org/wiki/John_F._Kennedy',
)
[28-May-2023 07:42:24 UTC] array (
  'category' => 'Languages',
  'amount' => '400',
  'answer' => 'This group of people living in the US are called Dutch, but has members who still speak German as their main language',
  'question' => 'Who are the Amish?',
  'url' => 'https://en.wikipedia.org/wiki/Amish',
)
[28-May-2023 07:42:24 UTC] array (
  'category' => 'States',
  'amount' => '400',
  'answer' => 'If this state were a country, it would have the 5th largest economy in the world',
  'question' => 'What is California?',
  'url' => 'https://en.wikipedia.org/wiki/California#/',
)
[28-May-2023 07:42:24 UTC] array (
  'category' => 'Water',
  'amount' => '400',
  'answer' => 'This is the 2nd largest fresh water lake in the world by surface area, and the 4th largest by volume',
  'question' => 'What is Lake Superior?',
  'url' => 'https://en.wikipedia.org/wiki/Lake_Superior',
)
[28-May-2023 07:42:24 UTC] array (
  'category' => 'Cities',
  'amount' => '800',
  'answer' => 'This is a capital city, the 54th largest city in the USA, and is located in a state that has the same beginning and ending letter',
  'question' => 'What is Cleveland, Ohio?',
  'url' => 'https://en.wikipedia.org/wiki/Cleveland',
)
[28-May-2023 07:42:24 UTC] array (
  'category' => 'Culture',
  'amount' => '800',
  'answer' => 'This classic American food is named after a type of meat it doesn\'t use',
  'question' => 'What is a hamburger?',
  'url' => 'https://en.wikipedia.org/wiki/Hamburger',
)
[28-May-2023 07:42:24 UTC] array (
  'category' => 'History',
  'amount' => '800',
  'answer' => 'This famous US president won an unprecedented four elections, launched the New Deal, and initiated the Mahattan Project',
  'question' => 'Who was Franklin Delano Roosevelt (FDR)?',
  'url' => 'https://en.wikipedia.org/wiki/Franklin_D._Roosevelt',
)
[28-May-2023 07:42:24 UTC] array (
  'category' => 'Languages',
  'amount' => '800',
  'answer' => 'This famous city when it was founded had French as its official language',
  'question' => 'What is New Orleans?',
  'url' => 'https://en.wikipedia.org/wiki/New_Orleans',
)
[28-May-2023 07:42:24 UTC] array (
  'category' => 'States',
  'amount' => '800',
  'answer' => 'The states of Massachusetts, New Hampshire, Rhode Island, Connecticut, New York, Pennsylvania, New Jersey, Delaware, Maryland, Virginia, North Carolina, South Carolina, and Georgia have this in common',
  'question' => 'What were the 13 colonies?',
  'url' => 'https://en.wikipedia.org/wiki/Thirteen_Colonies',
)
[28-May-2023 07:42:24 UTC] array (
  'category' => 'Water',
  'amount' => '800',
  'answer' => 'The name of this river is 11 letters long, but only uses 4 unique letters',
  'question' => 'What is the Mississippi river?',
  'url' => 'https://en.wikipedia.org/wiki/Mississippi_River',
)
[28-May-2023 07:42:24 UTC] array (
  'category' => 'Cities',
  'amount' => '1200',
  'answer' => 'This city is the 20th largest in the US, does not belong to any state, and has no representation in congress',
  'question' => 'What is Washington DC?',
  'url' => 'https://en.wikipedia.org/wiki/Washington%2C_D.C.',
)
[28-May-2023 07:42:24 UTC] array (
  'category' => 'Culture',
  'amount' => '1200',
  'answer' => 'This character was the protagonist in two famous novels written by the author Samuel Clemens',
  'question' => 'Who was Tom Sawyer?',
  'url' => 'https://en.wikipedia.org/wiki/Mark_Twain',
)
[28-May-2023 07:42:24 UTC] array (
  'category' => 'History',
  'amount' => '1200',
  'answer' => 'This famous American was the country\'s first post master and founded its first fire department',
  'question' => 'Who is Benjamin Franklin?',
  'url' => 'https://en.wikipedia.org/wiki/Benjamin_Franklin',
)
[28-May-2023 07:42:24 UTC] array (
  'category' => 'Languages',
  'amount' => '1200',
  'answer' => 'This language is spoken by 5 million people who live primarily in the states of New York and California',
  'question' => 'What is Chinese?',
  'url' => 'https://en.wikipedia.org/wiki/Chinese_Americans',
)
[28-May-2023 07:42:24 UTC] array (
  'category' => 'States',
  'amount' => '1200',
  'answer' => 'The states of South Carolina, Mississippi, Florida, Alabama, Georgia, Louisiana, and Texas had this common political affiliation',
  'question' => 'What were the Confederate States of America or What was the Confederacy?',
  'url' => 'https://en.wikipedia.org/wiki/Confederate_States_of_America',
)
[28-May-2023 07:42:24 UTC] array (
  'category' => 'Water',
  'amount' => '1200',
  'answer' => 'This lake has higher salinity than the oceans',
  'question' => 'What is the Great Salt Lake?',
  'url' => 'https://en.wikipedia.org/wiki/Great_Salt_Lake',
)
[28-May-2023 07:42:24 UTC] array (
  'category' => 'Cities',
  'amount' => '1600',
  'answer' => 'This city has residents whose inhabitants originate from more than 140 countries and speak 224 different identified languages',
  'question' => 'What is Los Angeles?',
  'url' => 'https://en.wikipedia.org/wiki/Los_Angeles#Demographics',
)
[28-May-2023 07:42:24 UTC] array (
  'category' => 'Culture',
  'amount' => '1600',
  'answer' => 'This actor and producer starred in a movie about media baron William Randolph Hearst, and later did a radio broadcast that caused a national panic',
  'question' => 'Who is Orson Welles?',
  'url' => 'https://en.wikipedia.org/wiki/Orson_Welles',
)
[28-May-2023 07:42:24 UTC] array (
  'category' => 'History',
  'amount' => '1600',
  'answer' => 'This famous city was originally called New Amsterdam',
  'question' => 'What is New York?',
  'url' => 'https://en.wikipedia.org/wiki/New_York_City#Dutch_rule',
)
[28-May-2023 07:42:24 UTC] array (
  'category' => 'Languages',
  'amount' => '1600',
  'answer' => 'This part of the United States has declared Spanish as its official language',
  'question' => 'What is Puerto Rico?',
  'url' => 'https://en.wikipedia.org/wiki/Puerto_Rico',
)
[28-May-2023 07:42:24 UTC] array (
  'category' => 'States',
  'amount' => '1600',
  'answer' => 'Before 2006, this one state spanned three separate timezones',
  'question' => 'What is Indiana?',
  'url' => 'https://en.wikipedia.org/wiki/Time_in_Indiana#County_petitions',
)
[28-May-2023 07:42:24 UTC] array (
  'category' => 'Water',
  'amount' => '1600',
  'answer' => 'This river has caught on fire more than a dozen times',
  'question' => 'What is the Cuyahoga River?',
  'url' => 'https://en.wikipedia.org/wiki/Cuyahoga_River',
)
[28-May-2023 07:42:24 UTC] array (
  'category' => 'Cities',
  'amount' => '2000',
  'answer' => 'This city is the southernmost point of the continental US',
  'question' => 'What is Key West?',
  'url' => 'https://en.wikipedia.org/wiki/Key_West',
)
[28-May-2023 07:42:24 UTC] array (
  'category' => 'Culture',
  'amount' => '2000',
  'answer' => 'This landmark luxury hotel casino won its 10th consecutive five-diamond award in 2020 and is notable for its Dancing Water fountain',
  'question' => 'What is the Bellagio?',
  'url' => 'https://en.wikipedia.org/wiki/Bellagio_(resort)',
)
[28-May-2023 07:42:24 UTC] array (
  'category' => 'History',
  'amount' => '2000',
  'answer' => 'This federation of five tribes spanned almost the entire northeast quarter the country 50 years before Christopher Columbus sailed for the New World',
  'question' => 'Who were the Iroqois?',
  'url' => 'https://en.wikipedia.org/wiki/Iroquois#/',
)
[28-May-2023 07:42:24 UTC] array (
  'category' => 'Languages',
  'amount' => '2000',
  'answer' => 'After English, Spanish, and Chinese, this is the next most common language spoken in the USA',
  'question' => 'What is Tagalog?',
  'url' => 'https://en.wikipedia.org/wiki/Languages_of_the_United_States',
)
[28-May-2023 07:42:24 UTC] array (
  'category' => 'States',
  'amount' => '2000',
  'answer' => 'This state contains a park is neither a state nor a national park, but covers an area greater than Yellowstone, Yosemite, and the Grand Canyon combined',
  'question' => 'What is New York State?',
  'url' => 'https://en.wikipedia.org/wiki/Adirondack_Park',
)
[28-May-2023 07:42:24 UTC] array (
  'category' => 'Water',
  'amount' => '2000',
  'answer' => 'Lake Canandaigua, Keuka, Senaca, Cayuga, and Owasco are known as this',
  'question' => 'What are the Finger Lakes?',
  'url' => 'https://en.wikipedia.org/wiki/Finger_Lakes',
)
[28-May-2023 07:42:26 UTC] PHP Warning:  imagepng(/repo/public/img/captcha/0_f8b6b20e.png): Failed to open stream: No such file or directory in /repo/vendor/unlikelysource/filecms-core/src/Common/Image/SingleChar.php on line 123
[28-May-2023 07:42:26 UTC] PHP Stack trace:
[28-May-2023 07:42:26 UTC] PHP   1. {main}() /repo/public/index.php:0
[28-May-2023 07:42:26 UTC] PHP   2. FileCMS\Common\View\Html->render($body = *uninitialized*, $cards = *uninitialized*, $meta = *uninitialized*) /repo/public/index.php:19
[28-May-2023 07:42:26 UTC] PHP   3. FileCMS\Common\View\Html->partial($body = '', $cards = TRUE) /repo/vendor/unlikelysource/filecms-core/src/Common/View/Html.php:93
[28-May-2023 07:42:26 UTC] PHP   4. FileCMS\Common\View\Html->runPhpFile($fn = '/repo/templates/site/contact.phtml') /repo/vendor/unlikelysource/filecms-core/src/Common/View/Html.php:131
[28-May-2023 07:42:26 UTC] PHP   5. include() /repo/vendor/unlikelysource/filecms-core/src/Common/View/Html.php:294
[28-May-2023 07:42:26 UTC] PHP   6. FileCMS\Common\Image\Captcha->writeImages($token = 'f8b6b20e', $numbers = *uninitialized*) /repo/templates/site/contact.phtml:76
[28-May-2023 07:42:26 UTC] PHP   7. FileCMS\Common\Image\SingleChar->save($fn = '/repo/public/img/captcha/0_f8b6b20e.png') /repo/vendor/unlikelysource/filecms-core/src/Common/Image/Captcha.php:82
[28-May-2023 07:42:26 UTC] PHP   8. imagepng($image = class GdImage {  }, $file = '/repo/public/img/captcha/0_f8b6b20e.png') /repo/vendor/unlikelysource/filecms-core/src/Common/Image/SingleChar.php:123
[28-May-2023 07:42:26 UTC] PHP Warning:  imagepng(/repo/public/img/captcha/1_f8b6b20e.png): Failed to open stream: No such file or directory in /repo/vendor/unlikelysource/filecms-core/src/Common/Image/SingleChar.php on line 123
[28-May-2023 07:42:26 UTC] PHP Stack trace:
[28-May-2023 07:42:26 UTC] PHP   1. {main}() /repo/public/index.php:0
[28-May-2023 07:42:26 UTC] PHP   2. FileCMS\Common\View\Html->render($body = *uninitialized*, $cards = *uninitialized*, $meta = *uninitialized*) /repo/public/index.php:19
[28-May-2023 07:42:26 UTC] PHP   3. FileCMS\Common\View\Html->partial($body = '', $cards = TRUE) /repo/vendor/unlikelysource/filecms-core/src/Common/View/Html.php:93
[28-May-2023 07:42:26 UTC] PHP   4. FileCMS\Common\View\Html->runPhpFile($fn = '/repo/templates/site/contact.phtml') /repo/vendor/unlikelysource/filecms-core/src/Common/View/Html.php:131
[28-May-2023 07:42:26 UTC] PHP   5. include() /repo/vendor/unlikelysource/filecms-core/src/Common/View/Html.php:294
[28-May-2023 07:42:26 UTC] PHP   6. FileCMS\Common\Image\Captcha->writeImages($token = 'f8b6b20e', $numbers = *uninitialized*) /repo/templates/site/contact.phtml:76
[28-May-2023 07:42:26 UTC] PHP   7. FileCMS\Common\Image\SingleChar->save($fn = '/repo/public/img/captcha/1_f8b6b20e.png') /repo/vendor/unlikelysource/filecms-core/src/Common/Image/Captcha.php:82
[28-May-2023 07:42:26 UTC] PHP   8. imagepng($image = class GdImage {  }, $file = '/repo/public/img/captcha/1_f8b6b20e.png') /repo/vendor/unlikelysource/filecms-core/src/Common/Image/SingleChar.php:123
[28-May-2023 07:42:26 UTC] PHP Warning:  imagepng(/repo/public/img/captcha/2_f8b6b20e.png): Failed to open stream: No such file or directory in /repo/vendor/unlikelysource/filecms-core/src/Common/Image/SingleChar.php on line 123
[28-May-2023 07:42:26 UTC] PHP Stack trace:
[28-May-2023 07:42:26 UTC] PHP   1. {main}() /repo/public/index.php:0
[28-May-2023 07:42:26 UTC] PHP   2. FileCMS\Common\View\Html->render($body = *uninitialized*, $cards = *uninitialized*, $meta = *uninitialized*) /repo/public/index.php:19
[28-May-2023 07:42:26 UTC] PHP   3. FileCMS\Common\View\Html->partial($body = '', $cards = TRUE) /repo/vendor/unlikelysource/filecms-core/src/Common/View/Html.php:93
[28-May-2023 07:42:26 UTC] PHP   4. FileCMS\Common\View\Html->runPhpFile($fn = '/repo/templates/site/contact.phtml') /repo/vendor/unlikelysource/filecms-core/src/Common/View/Html.php:131
[28-May-2023 07:42:26 UTC] PHP   5. include() /repo/vendor/unlikelysource/filecms-core/src/Common/View/Html.php:294
[28-May-2023 07:42:26 UTC] PHP   6. FileCMS\Common\Image\Captcha->writeImages($token = 'f8b6b20e', $numbers = *uninitialized*) /repo/templates/site/contact.phtml:76
[28-May-2023 07:42:26 UTC] PHP   7. FileCMS\Common\Image\SingleChar->save($fn = '/repo/public/img/captcha/2_f8b6b20e.png') /repo/vendor/unlikelysource/filecms-core/src/Common/Image/Captcha.php:82
[28-May-2023 07:42:26 UTC] PHP   8. imagepng($image = class GdImage {  }, $file = '/repo/public/img/captcha/2_f8b6b20e.png') /repo/vendor/unlikelysource/filecms-core/src/Common/Image/SingleChar.php:123
[28-May-2023 07:42:26 UTC] PHP Warning:  imagepng(/repo/public/img/captcha/3_f8b6b20e.png): Failed to open stream: No such file or directory in /repo/vendor/unlikelysource/filecms-core/src/Common/Image/SingleChar.php on line 123
[28-May-2023 07:42:26 UTC] PHP Stack trace:
[28-May-2023 07:42:26 UTC] PHP   1. {main}() /repo/public/index.php:0
[28-May-2023 07:42:26 UTC] PHP   2. FileCMS\Common\View\Html->render($body = *uninitialized*, $cards = *uninitialized*, $meta = *uninitialized*) /repo/public/index.php:19
[28-May-2023 07:42:26 UTC] PHP   3. FileCMS\Common\View\Html->partial($body = '', $cards = TRUE) /repo/vendor/unlikelysource/filecms-core/src/Common/View/Html.php:93
[28-May-2023 07:42:26 UTC] PHP   4. FileCMS\Common\View\Html->runPhpFile($fn = '/repo/templates/site/contact.phtml') /repo/vendor/unlikelysource/filecms-core/src/Common/View/Html.php:131
[28-May-2023 07:42:26 UTC] PHP   5. include() /repo/vendor/unlikelysource/filecms-core/src/Common/View/Html.php:294
[28-May-2023 07:42:26 UTC] PHP   6. FileCMS\Common\Image\Captcha->writeImages($token = 'f8b6b20e', $numbers = *uninitialized*) /repo/templates/site/contact.phtml:76
[28-May-2023 07:42:26 UTC] PHP   7. FileCMS\Common\Image\SingleChar->save($fn = '/repo/public/img/captcha/3_f8b6b20e.png') /repo/vendor/unlikelysource/filecms-core/src/Common/Image/Captcha.php:82
[28-May-2023 07:42:26 UTC] PHP   8. imagepng($image = class GdImage {  }, $file = '/repo/public/img/captcha/3_f8b6b20e.png') /repo/vendor/unlikelysource/filecms-core/src/Common/Image/SingleChar.php:123
[28-May-2023 07:42:26 UTC] PHP Warning:  imagepng(/repo/public/img/captcha/4_f8b6b20e.png): Failed to open stream: No such file or directory in /repo/vendor/unlikelysource/filecms-core/src/Common/Image/SingleChar.php on line 123
[28-May-2023 07:42:26 UTC] PHP Stack trace:
[28-May-2023 07:42:26 UTC] PHP   1. {main}() /repo/public/index.php:0
[28-May-2023 07:42:26 UTC] PHP   2. FileCMS\Common\View\Html->render($body = *uninitialized*, $cards = *uninitialized*, $meta = *uninitialized*) /repo/public/index.php:19
[28-May-2023 07:42:26 UTC] PHP   3. FileCMS\Common\View\Html->partial($body = '', $cards = TRUE) /repo/vendor/unlikelysource/filecms-core/src/Common/View/Html.php:93
[28-May-2023 07:42:26 UTC] PHP   4. FileCMS\Common\View\Html->runPhpFile($fn = '/repo/templates/site/contact.phtml') /repo/vendor/unlikelysource/filecms-core/src/Common/View/Html.php:131
[28-May-2023 07:42:26 UTC] PHP   5. include() /repo/vendor/unlikelysource/filecms-core/src/Common/View/Html.php:294
[28-May-2023 07:42:26 UTC] PHP   6. FileCMS\Common\Image\Captcha->writeImages($token = 'f8b6b20e', $numbers = *uninitialized*) /repo/templates/site/contact.phtml:76
[28-May-2023 07:42:26 UTC] PHP   7. FileCMS\Common\Image\SingleChar->save($fn = '/repo/public/img/captcha/4_f8b6b20e.png') /repo/vendor/unlikelysource/filecms-core/src/Common/Image/Captcha.php:82
[28-May-2023 07:42:26 UTC] PHP   8. imagepng($image = class GdImage {  }, $file = '/repo/public/img/captcha/4_f8b6b20e.png') /repo/vendor/unlikelysource/filecms-core/src/Common/Image/SingleChar.php:123
[28-May-2023 07:42:26 UTC] PHP Warning:  imagepng(/repo/public/img/captcha/5_f8b6b20e.png): Failed to open stream: No such file or directory in /repo/vendor/unlikelysource/filecms-core/src/Common/Image/SingleChar.php on line 123
[28-May-2023 07:42:26 UTC] PHP Stack trace:
[28-May-2023 07:42:26 UTC] PHP   1. {main}() /repo/public/index.php:0
[28-May-2023 07:42:26 UTC] PHP   2. FileCMS\Common\View\Html->render($body = *uninitialized*, $cards = *uninitialized*, $meta = *uninitialized*) /repo/public/index.php:19
[28-May-2023 07:42:26 UTC] PHP   3. FileCMS\Common\View\Html->partial($body = '', $cards = TRUE) /repo/vendor/unlikelysource/filecms-core/src/Common/View/Html.php:93
[28-May-2023 07:42:26 UTC] PHP   4. FileCMS\Common\View\Html->runPhpFile($fn = '/repo/templates/site/contact.phtml') /repo/vendor/unlikelysource/filecms-core/src/Common/View/Html.php:131
[28-May-2023 07:42:26 UTC] PHP   5. include() /repo/vendor/unlikelysource/filecms-core/src/Common/View/Html.php:294
[28-May-2023 07:42:26 UTC] PHP   6. FileCMS\Common\Image\Captcha->writeImages($token = 'f8b6b20e', $numbers = *uninitialized*) /repo/templates/site/contact.phtml:76
[28-May-2023 07:42:26 UTC] PHP   7. FileCMS\Common\Image\SingleChar->save($fn = '/repo/public/img/captcha/5_f8b6b20e.png') /repo/vendor/unlikelysource/filecms-core/src/Common/Image/Captcha.php:82
[28-May-2023 07:42:26 UTC] PHP   8. imagepng($image = class GdImage {  }, $file = '/repo/public/img/captcha/5_f8b6b20e.png') /repo/vendor/unlikelysource/filecms-core/src/Common/Image/SingleChar.php:123
[28-May-2023 07:42:26 UTC] /repo/vendor/unlikelysource/filecms-core/src/Common/Image/Captcha.php:93
#0 /repo/vendor/unlikelysource/filecms-core/src/Common/Image/Captcha.php(93): RecursiveDirectoryIterator->__construct()
#1 /repo/vendor/unlikelysource/filecms-core/src/Common/View/Html.php(131): FileCMS\Common\Image\Captcha->__destruct()
#2 /repo/vendor/unlikelysource/filecms-core/src/Common/View/Html.php(93): FileCMS\Common\View\Html->partial()
#3 /repo/public/index.php(19): FileCMS\Common\View\Html->render()
#4 {main}
[28-May-2023 07:43:16 UTC] PHP Warning:  imagepng(/repo/public/img/captcha/0_45ed59e6.png): Failed to open stream: No such file or directory in /repo/vendor/unlikelysource/filecms-core/src/Common/Image/SingleChar.php on line 123
[28-May-2023 07:43:16 UTC] PHP Stack trace:
[28-May-2023 07:43:16 UTC] PHP   1. {main}() /repo/public/index.php:0
[28-May-2023 07:43:16 UTC] PHP   2. FileCMS\Common\View\Html->render($body = *uninitialized*, $cards = *uninitialized*, $meta = *uninitialized*) /repo/public/index.php:19
[28-May-2023 07:43:16 UTC] PHP   3. FileCMS\Common\View\Html->partial($body = '', $cards = TRUE) /repo/vendor/unlikelysource/filecms-core/src/Common/View/Html.php:93
[28-May-2023 07:43:16 UTC] PHP   4. FileCMS\Common\View\Html->runPhpFile($fn = '/repo/templates/site/contact.phtml') /repo/vendor/unlikelysource/filecms-core/src/Common/View/Html.php:131
[28-May-2023 07:43:16 UTC] PHP   5. include() /repo/vendor/unlikelysource/filecms-core/src/Common/View/Html.php:294
[28-May-2023 07:43:16 UTC] PHP   6. FileCMS\Common\Image\Captcha->writeImages($token = '45ed59e6', $numbers = *uninitialized*) /repo/templates/site/contact.phtml:80
[28-May-2023 07:43:16 UTC] PHP   7. FileCMS\Common\Image\SingleChar->save($fn = '/repo/public/img/captcha/0_45ed59e6.png') /repo/vendor/unlikelysource/filecms-core/src/Common/Image/Captcha.php:82
[28-May-2023 07:43:16 UTC] PHP   8. imagepng($image = class GdImage {  }, $file = '/repo/public/img/captcha/0_45ed59e6.png') /repo/vendor/unlikelysource/filecms-core/src/Common/Image/SingleChar.php:123
[28-May-2023 07:43:16 UTC] PHP Warning:  imagepng(/repo/public/img/captcha/1_45ed59e6.png): Failed to open stream: No such file or directory in /repo/vendor/unlikelysource/filecms-core/src/Common/Image/SingleChar.php on line 123
[28-May-2023 07:43:16 UTC] PHP Stack trace:
[28-May-2023 07:43:16 UTC] PHP   1. {main}() /repo/public/index.php:0
[28-May-2023 07:43:16 UTC] PHP   2. FileCMS\Common\View\Html->render($body = *uninitialized*, $cards = *uninitialized*, $meta = *uninitialized*) /repo/public/index.php:19
[28-May-2023 07:43:16 UTC] PHP   3. FileCMS\Common\View\Html->partial($body = '', $cards = TRUE) /repo/vendor/unlikelysource/filecms-core/src/Common/View/Html.php:93
[28-May-2023 07:43:16 UTC] PHP   4. FileCMS\Common\View\Html->runPhpFile($fn = '/repo/templates/site/contact.phtml') /repo/vendor/unlikelysource/filecms-core/src/Common/View/Html.php:131
[28-May-2023 07:43:16 UTC] PHP   5. include() /repo/vendor/unlikelysource/filecms-core/src/Common/View/Html.php:294
[28-May-2023 07:43:16 UTC] PHP   6. FileCMS\Common\Image\Captcha->writeImages($token = '45ed59e6', $numbers = *uninitialized*) /repo/templates/site/contact.phtml:80
[28-May-2023 07:43:16 UTC] PHP   7. FileCMS\Common\Image\SingleChar->save($fn = '/repo/public/img/captcha/1_45ed59e6.png') /repo/vendor/unlikelysource/filecms-core/src/Common/Image/Captcha.php:82
[28-May-2023 07:43:16 UTC] PHP   8. imagepng($image = class GdImage {  }, $file = '/repo/public/img/captcha/1_45ed59e6.png') /repo/vendor/unlikelysource/filecms-core/src/Common/Image/SingleChar.php:123
[28-May-2023 07:43:16 UTC] PHP Warning:  imagepng(/repo/public/img/captcha/2_45ed59e6.png): Failed to open stream: No such file or directory in /repo/vendor/unlikelysource/filecms-core/src/Common/Image/SingleChar.php on line 123
[28-May-2023 07:43:16 UTC] PHP Stack trace:
[28-May-2023 07:43:16 UTC] PHP   1. {main}() /repo/public/index.php:0
[28-May-2023 07:43:16 UTC] PHP   2. FileCMS\Common\View\Html->render($body = *uninitialized*, $cards = *uninitialized*, $meta = *uninitialized*) /repo/public/index.php:19
[28-May-2023 07:43:16 UTC] PHP   3. FileCMS\Common\View\Html->partial($body = '', $cards = TRUE) /repo/vendor/unlikelysource/filecms-core/src/Common/View/Html.php:93
[28-May-2023 07:43:16 UTC] PHP   4. FileCMS\Common\View\Html->runPhpFile($fn = '/repo/templates/site/contact.phtml') /repo/vendor/unlikelysource/filecms-core/src/Common/View/Html.php:131
[28-May-2023 07:43:16 UTC] PHP   5. include() /repo/vendor/unlikelysource/filecms-core/src/Common/View/Html.php:294
[28-May-2023 07:43:16 UTC] PHP   6. FileCMS\Common\Image\Captcha->writeImages($token = '45ed59e6', $numbers = *uninitialized*) /repo/templates/site/contact.phtml:80
[28-May-2023 07:43:16 UTC] PHP   7. FileCMS\Common\Image\SingleChar->save($fn = '/repo/public/img/captcha/2_45ed59e6.png') /repo/vendor/unlikelysource/filecms-core/src/Common/Image/Captcha.php:82
[28-May-2023 07:43:16 UTC] PHP   8. imagepng($image = class GdImage {  }, $file = '/repo/public/img/captcha/2_45ed59e6.png') /repo/vendor/unlikelysource/filecms-core/src/Common/Image/SingleChar.php:123
[28-May-2023 07:43:16 UTC] PHP Warning:  imagepng(/repo/public/img/captcha/3_45ed59e6.png): Failed to open stream: No such file or directory in /repo/vendor/unlikelysource/filecms-core/src/Common/Image/SingleChar.php on line 123
[28-May-2023 07:43:16 UTC] PHP Stack trace:
[28-May-2023 07:43:16 UTC] PHP   1. {main}() /repo/public/index.php:0
[28-May-2023 07:43:16 UTC] PHP   2. FileCMS\Common\View\Html->render($body = *uninitialized*, $cards = *uninitialized*, $meta = *uninitialized*) /repo/public/index.php:19
[28-May-2023 07:43:16 UTC] PHP   3. FileCMS\Common\View\Html->partial($body = '', $cards = TRUE) /repo/vendor/unlikelysource/filecms-core/src/Common/View/Html.php:93
[28-May-2023 07:43:16 UTC] PHP   4. FileCMS\Common\View\Html->runPhpFile($fn = '/repo/templates/site/contact.phtml') /repo/vendor/unlikelysource/filecms-core/src/Common/View/Html.php:131
[28-May-2023 07:43:16 UTC] PHP   5. include() /repo/vendor/unlikelysource/filecms-core/src/Common/View/Html.php:294
[28-May-2023 07:43:16 UTC] PHP   6. FileCMS\Common\Image\Captcha->writeImages($token = '45ed59e6', $numbers = *uninitialized*) /repo/templates/site/contact.phtml:80
[28-May-2023 07:43:16 UTC] PHP   7. FileCMS\Common\Image\SingleChar->save($fn = '/repo/public/img/captcha/3_45ed59e6.png') /repo/vendor/unlikelysource/filecms-core/src/Common/Image/Captcha.php:82
[28-May-2023 07:43:16 UTC] PHP   8. imagepng($image = class GdImage {  }, $file = '/repo/public/img/captcha/3_45ed59e6.png') /repo/vendor/unlikelysource/filecms-core/src/Common/Image/SingleChar.php:123
[28-May-2023 07:43:16 UTC] PHP Warning:  imagepng(/repo/public/img/captcha/4_45ed59e6.png): Failed to open stream: No such file or directory in /repo/vendor/unlikelysource/filecms-core/src/Common/Image/SingleChar.php on line 123
[28-May-2023 07:43:16 UTC] PHP Stack trace:
[28-May-2023 07:43:16 UTC] PHP   1. {main}() /repo/public/index.php:0
[28-May-2023 07:43:16 UTC] PHP   2. FileCMS\Common\View\Html->render($body = *uninitialized*, $cards = *uninitialized*, $meta = *uninitialized*) /repo/public/index.php:19
[28-May-2023 07:43:16 UTC] PHP   3. FileCMS\Common\View\Html->partial($body = '', $cards = TRUE) /repo/vendor/unlikelysource/filecms-core/src/Common/View/Html.php:93
[28-May-2023 07:43:16 UTC] PHP   4. FileCMS\Common\View\Html->runPhpFile($fn = '/repo/templates/site/contact.phtml') /repo/vendor/unlikelysource/filecms-core/src/Common/View/Html.php:131
[28-May-2023 07:43:16 UTC] PHP   5. include() /repo/vendor/unlikelysource/filecms-core/src/Common/View/Html.php:294
[28-May-2023 07:43:16 UTC] PHP   6. FileCMS\Common\Image\Captcha->writeImages($token = '45ed59e6', $numbers = *uninitialized*) /repo/templates/site/contact.phtml:80
[28-May-2023 07:43:16 UTC] PHP   7. FileCMS\Common\Image\SingleChar->save($fn = '/repo/public/img/captcha/4_45ed59e6.png') /repo/vendor/unlikelysource/filecms-core/src/Common/Image/Captcha.php:82
[28-May-2023 07:43:16 UTC] PHP   8. imagepng($image = class GdImage {  }, $file = '/repo/public/img/captcha/4_45ed59e6.png') /repo/vendor/unlikelysource/filecms-core/src/Common/Image/SingleChar.php:123
[28-May-2023 07:43:16 UTC] PHP Warning:  imagepng(/repo/public/img/captcha/5_45ed59e6.png): Failed to open stream: No such file or directory in /repo/vendor/unlikelysource/filecms-core/src/Common/Image/SingleChar.php on line 123
[28-May-2023 07:43:16 UTC] PHP Stack trace:
[28-May-2023 07:43:16 UTC] PHP   1. {main}() /repo/public/index.php:0
[28-May-2023 07:43:16 UTC] PHP   2. FileCMS\Common\View\Html->render($body = *uninitialized*, $cards = *uninitialized*, $meta = *uninitialized*) /repo/public/index.php:19
[28-May-2023 07:43:16 UTC] PHP   3. FileCMS\Common\View\Html->partial($body = '', $cards = TRUE) /repo/vendor/unlikelysource/filecms-core/src/Common/View/Html.php:93
[28-May-2023 07:43:16 UTC] PHP   4. FileCMS\Common\View\Html->runPhpFile($fn = '/repo/templates/site/contact.phtml') /repo/vendor/unlikelysource/filecms-core/src/Common/View/Html.php:131
[28-May-2023 07:43:16 UTC] PHP   5. include() /repo/vendor/unlikelysource/filecms-core/src/Common/View/Html.php:294
[28-May-2023 07:43:16 UTC] PHP   6. FileCMS\Common\Image\Captcha->writeImages($token = '45ed59e6', $numbers = *uninitialized*) /repo/templates/site/contact.phtml:80
[28-May-2023 07:43:16 UTC] PHP   7. FileCMS\Common\Image\SingleChar->save($fn = '/repo/public/img/captcha/5_45ed59e6.png') /repo/vendor/unlikelysource/filecms-core/src/Common/Image/Captcha.php:82
[28-May-2023 07:43:16 UTC] PHP   8. imagepng($image = class GdImage {  }, $file = '/repo/public/img/captcha/5_45ed59e6.png') /repo/vendor/unlikelysource/filecms-core/src/Common/Image/SingleChar.php:123
[28-May-2023 07:43:16 UTC] /repo/vendor/unlikelysource/filecms-core/src/Common/Image/Captcha.php:93
#0 /repo/vendor/unlikelysource/filecms-core/src/Common/Image/Captcha.php(93): RecursiveDirectoryIterator->__construct()
#1 /repo/vendor/unlikelysource/filecms-core/src/Common/View/Html.php(131): FileCMS\Common\Image\Captcha->__destruct()
#2 /repo/vendor/unlikelysource/filecms-core/src/Common/View/Html.php(93): FileCMS\Common\View\Html->partial()
#3 /repo/public/index.php(19): FileCMS\Common\View\Html->render()
#4 {main}
[28-May-2023 07:44:02 UTC] PHP Warning:  imagepng(/repo/public/img/captcha/0_27d62cc3.png): Failed to open stream: Permission denied in /repo/vendor/unlikelysource/filecms-core/src/Common/Image/SingleChar.php on line 123
[28-May-2023 07:44:02 UTC] PHP Stack trace:
[28-May-2023 07:44:02 UTC] PHP   1. {main}() /repo/public/index.php:0
[28-May-2023 07:44:02 UTC] PHP   2. FileCMS\Common\View\Html->render($body = *uninitialized*, $cards = *uninitialized*, $meta = *uninitialized*) /repo/public/index.php:19
[28-May-2023 07:44:02 UTC] PHP   3. FileCMS\Common\View\Html->partial($body = '', $cards = TRUE) /repo/vendor/unlikelysource/filecms-core/src/Common/View/Html.php:93
[28-May-2023 07:44:02 UTC] PHP   4. FileCMS\Common\View\Html->runPhpFile($fn = '/repo/templates/site/contact.phtml') /repo/vendor/unlikelysource/filecms-core/src/Common/View/Html.php:131
[28-May-2023 07:44:02 UTC] PHP   5. include() /repo/vendor/unlikelysource/filecms-core/src/Common/View/Html.php:294
[28-May-2023 07:44:02 UTC] PHP   6. FileCMS\Common\Image\Captcha->writeImages($token = '27d62cc3', $numbers = *uninitialized*) /repo/templates/site/contact.phtml:80
[28-May-2023 07:44:02 UTC] PHP   7. FileCMS\Common\Image\SingleChar->save($fn = '/repo/public/img/captcha/0_27d62cc3.png') /repo/vendor/unlikelysource/filecms-core/src/Common/Image/Captcha.php:82
[28-May-2023 07:44:02 UTC] PHP   8. imagepng($image = class GdImage {  }, $file = '/repo/public/img/captcha/0_27d62cc3.png') /repo/vendor/unlikelysource/filecms-core/src/Common/Image/SingleChar.php:123
[28-May-2023 07:44:02 UTC] PHP Warning:  imagepng(/repo/public/img/captcha/1_27d62cc3.png): Failed to open stream: Permission denied in /repo/vendor/unlikelysource/filecms-core/src/Common/Image/SingleChar.php on line 123
[28-May-2023 07:44:02 UTC] PHP Stack trace:
[28-May-2023 07:44:02 UTC] PHP   1. {main}() /repo/public/index.php:0
[28-May-2023 07:44:02 UTC] PHP   2. FileCMS\Common\View\Html->render($body = *uninitialized*, $cards = *uninitialized*, $meta = *uninitialized*) /repo/public/index.php:19
[28-May-2023 07:44:02 UTC] PHP   3. FileCMS\Common\View\Html->partial($body = '', $cards = TRUE) /repo/vendor/unlikelysource/filecms-core/src/Common/View/Html.php:93
[28-May-2023 07:44:02 UTC] PHP   4. FileCMS\Common\View\Html->runPhpFile($fn = '/repo/templates/site/contact.phtml') /repo/vendor/unlikelysource/filecms-core/src/Common/View/Html.php:131
[28-May-2023 07:44:02 UTC] PHP   5. include() /repo/vendor/unlikelysource/filecms-core/src/Common/View/Html.php:294
[28-May-2023 07:44:02 UTC] PHP   6. FileCMS\Common\Image\Captcha->writeImages($token = '27d62cc3', $numbers = *uninitialized*) /repo/templates/site/contact.phtml:80
[28-May-2023 07:44:02 UTC] PHP   7. FileCMS\Common\Image\SingleChar->save($fn = '/repo/public/img/captcha/1_27d62cc3.png') /repo/vendor/unlikelysource/filecms-core/src/Common/Image/Captcha.php:82
[28-May-2023 07:44:02 UTC] PHP   8. imagepng($image = class GdImage {  }, $file = '/repo/public/img/captcha/1_27d62cc3.png') /repo/vendor/unlikelysource/filecms-core/src/Common/Image/SingleChar.php:123
[28-May-2023 07:44:02 UTC] PHP Warning:  imagepng(/repo/public/img/captcha/2_27d62cc3.png): Failed to open stream: Permission denied in /repo/vendor/unlikelysource/filecms-core/src/Common/Image/SingleChar.php on line 123
[28-May-2023 07:44:02 UTC] PHP Stack trace:
[28-May-2023 07:44:02 UTC] PHP   1. {main}() /repo/public/index.php:0
[28-May-2023 07:44:02 UTC] PHP   2. FileCMS\Common\View\Html->render($body = *uninitialized*, $cards = *uninitialized*, $meta = *uninitialized*) /repo/public/index.php:19
[28-May-2023 07:44:02 UTC] PHP   3. FileCMS\Common\View\Html->partial($body = '', $cards = TRUE) /repo/vendor/unlikelysource/filecms-core/src/Common/View/Html.php:93
[28-May-2023 07:44:02 UTC] PHP   4. FileCMS\Common\View\Html->runPhpFile($fn = '/repo/templates/site/contact.phtml') /repo/vendor/unlikelysource/filecms-core/src/Common/View/Html.php:131
[28-May-2023 07:44:02 UTC] PHP   5. include() /repo/vendor/unlikelysource/filecms-core/src/Common/View/Html.php:294
[28-May-2023 07:44:02 UTC] PHP   6. FileCMS\Common\Image\Captcha->writeImages($token = '27d62cc3', $numbers = *uninitialized*) /repo/templates/site/contact.phtml:80
[28-May-2023 07:44:02 UTC] PHP   7. FileCMS\Common\Image\SingleChar->save($fn = '/repo/public/img/captcha/2_27d62cc3.png') /repo/vendor/unlikelysource/filecms-core/src/Common/Image/Captcha.php:82
[28-May-2023 07:44:02 UTC] PHP   8. imagepng($image = class GdImage {  }, $file = '/repo/public/img/captcha/2_27d62cc3.png') /repo/vendor/unlikelysource/filecms-core/src/Common/Image/SingleChar.php:123
[28-May-2023 07:44:02 UTC] PHP Warning:  imagepng(/repo/public/img/captcha/3_27d62cc3.png): Failed to open stream: Permission denied in /repo/vendor/unlikelysource/filecms-core/src/Common/Image/SingleChar.php on line 123
[28-May-2023 07:44:02 UTC] PHP Stack trace:
[28-May-2023 07:44:02 UTC] PHP   1. {main}() /repo/public/index.php:0
[28-May-2023 07:44:02 UTC] PHP   2. FileCMS\Common\View\Html->render($body = *uninitialized*, $cards = *uninitialized*, $meta = *uninitialized*) /repo/public/index.php:19
[28-May-2023 07:44:02 UTC] PHP   3. FileCMS\Common\View\Html->partial($body = '', $cards = TRUE) /repo/vendor/unlikelysource/filecms-core/src/Common/View/Html.php:93
[28-May-2023 07:44:02 UTC] PHP   4. FileCMS\Common\View\Html->runPhpFile($fn = '/repo/templates/site/contact.phtml') /repo/vendor/unlikelysource/filecms-core/src/Common/View/Html.php:131
[28-May-2023 07:44:02 UTC] PHP   5. include() /repo/vendor/unlikelysource/filecms-core/src/Common/View/Html.php:294
[28-May-2023 07:44:02 UTC] PHP   6. FileCMS\Common\Image\Captcha->writeImages($token = '27d62cc3', $numbers = *uninitialized*) /repo/templates/site/contact.phtml:80
[28-May-2023 07:44:02 UTC] PHP   7. FileCMS\Common\Image\SingleChar->save($fn = '/repo/public/img/captcha/3_27d62cc3.png') /repo/vendor/unlikelysource/filecms-core/src/Common/Image/Captcha.php:82
[28-May-2023 07:44:02 UTC] PHP   8. imagepng($image = class GdImage {  }, $file = '/repo/public/img/captcha/3_27d62cc3.png') /repo/vendor/unlikelysource/filecms-core/src/Common/Image/SingleChar.php:123
[28-May-2023 07:44:02 UTC] PHP Warning:  imagepng(/repo/public/img/captcha/4_27d62cc3.png): Failed to open stream: Permission denied in /repo/vendor/unlikelysource/filecms-core/src/Common/Image/SingleChar.php on line 123
[28-May-2023 07:44:02 UTC] PHP Stack trace:
[28-May-2023 07:44:02 UTC] PHP   1. {main}() /repo/public/index.php:0
[28-May-2023 07:44:02 UTC] PHP   2. FileCMS\Common\View\Html->render($body = *uninitialized*, $cards = *uninitialized*, $meta = *uninitialized*) /repo/public/index.php:19
[28-May-2023 07:44:02 UTC] PHP   3. FileCMS\Common\View\Html->partial($body = '', $cards = TRUE) /repo/vendor/unlikelysource/filecms-core/src/Common/View/Html.php:93
[28-May-2023 07:44:02 UTC] PHP   4. FileCMS\Common\View\Html->runPhpFile($fn = '/repo/templates/site/contact.phtml') /repo/vendor/unlikelysource/filecms-core/src/Common/View/Html.php:131
[28-May-2023 07:44:02 UTC] PHP   5. include() /repo/vendor/unlikelysource/filecms-core/src/Common/View/Html.php:294
[28-May-2023 07:44:02 UTC] PHP   6. FileCMS\Common\Image\Captcha->writeImages($token = '27d62cc3', $numbers = *uninitialized*) /repo/templates/site/contact.phtml:80
[28-May-2023 07:44:02 UTC] PHP   7. FileCMS\Common\Image\SingleChar->save($fn = '/repo/public/img/captcha/4_27d62cc3.png') /repo/vendor/unlikelysource/filecms-core/src/Common/Image/Captcha.php:82
[28-May-2023 07:44:02 UTC] PHP   8. imagepng($image = class GdImage {  }, $file = '/repo/public/img/captcha/4_27d62cc3.png') /repo/vendor/unlikelysource/filecms-core/src/Common/Image/SingleChar.php:123
[28-May-2023 07:44:02 UTC] PHP Warning:  imagepng(/repo/public/img/captcha/5_27d62cc3.png): Failed to open stream: Permission denied in /repo/vendor/unlikelysource/filecms-core/src/Common/Image/SingleChar.php on line 123
[28-May-2023 07:44:02 UTC] PHP Stack trace:
[28-May-2023 07:44:02 UTC] PHP   1. {main}() /repo/public/index.php:0
[28-May-2023 07:44:02 UTC] PHP   2. FileCMS\Common\View\Html->render($body = *uninitialized*, $cards = *uninitialized*, $meta = *uninitialized*) /repo/public/index.php:19
[28-May-2023 07:44:02 UTC] PHP   3. FileCMS\Common\View\Html->partial($body = '', $cards = TRUE) /repo/vendor/unlikelysource/filecms-core/src/Common/View/Html.php:93
[28-May-2023 07:44:02 UTC] PHP   4. FileCMS\Common\View\Html->runPhpFile($fn = '/repo/templates/site/contact.phtml') /repo/vendor/unlikelysource/filecms-core/src/Common/View/Html.php:131
[28-May-2023 07:44:02 UTC] PHP   5. include() /repo/vendor/unlikelysource/filecms-core/src/Common/View/Html.php:294
[28-May-2023 07:44:02 UTC] PHP   6. FileCMS\Common\Image\Captcha->writeImages($token = '27d62cc3', $numbers = *uninitialized*) /repo/templates/site/contact.phtml:80
[28-May-2023 07:44:02 UTC] PHP   7. FileCMS\Common\Image\SingleChar->save($fn = '/repo/public/img/captcha/5_27d62cc3.png') /repo/vendor/unlikelysource/filecms-core/src/Common/Image/Captcha.php:82
[28-May-2023 07:44:02 UTC] PHP   8. imagepng($image = class GdImage {  }, $file = '/repo/public/img/captcha/5_27d62cc3.png') /repo/vendor/unlikelysource/filecms-core/src/Common/Image/SingleChar.php:123
[28-May-2023 07:44:18 UTC] PHP Warning:  imagepng(/repo/public/img/captcha/0_850591f1.png): Failed to open stream: Permission denied in /repo/vendor/unlikelysource/filecms-core/src/Common/Image/SingleChar.php on line 123
[28-May-2023 07:44:18 UTC] PHP Stack trace:
[28-May-2023 07:44:18 UTC] PHP   1. {main}() /repo/public/index.php:0
[28-May-2023 07:44:18 UTC] PHP   2. FileCMS\Common\View\Html->render($body = *uninitialized*, $cards = *uninitialized*, $meta = *uninitialized*) /repo/public/index.php:19
[28-May-2023 07:44:18 UTC] PHP   3. FileCMS\Common\View\Html->partial($body = '', $cards = TRUE) /repo/vendor/unlikelysource/filecms-core/src/Common/View/Html.php:93
[28-May-2023 07:44:18 UTC] PHP   4. FileCMS\Common\View\Html->runPhpFile($fn = '/repo/templates/site/contact.phtml') /repo/vendor/unlikelysource/filecms-core/src/Common/View/Html.php:131
[28-May-2023 07:44:18 UTC] PHP   5. include() /repo/vendor/unlikelysource/filecms-core/src/Common/View/Html.php:294
[28-May-2023 07:44:18 UTC] PHP   6. FileCMS\Common\Image\Captcha->writeImages($token = '850591f1', $numbers = *uninitialized*) /repo/templates/site/contact.phtml:76
[28-May-2023 07:44:18 UTC] PHP   7. FileCMS\Common\Image\SingleChar->save($fn = '/repo/public/img/captcha/0_850591f1.png') /repo/vendor/unlikelysource/filecms-core/src/Common/Image/Captcha.php:82
[28-May-2023 07:44:18 UTC] PHP   8. imagepng($image = class GdImage {  }, $file = '/repo/public/img/captcha/0_850591f1.png') /repo/vendor/unlikelysource/filecms-core/src/Common/Image/SingleChar.php:123
[28-May-2023 07:44:18 UTC] PHP Warning:  imagepng(/repo/public/img/captcha/1_850591f1.png): Failed to open stream: Permission denied in /repo/vendor/unlikelysource/filecms-core/src/Common/Image/SingleChar.php on line 123
[28-May-2023 07:44:18 UTC] PHP Stack trace:
[28-May-2023 07:44:18 UTC] PHP   1. {main}() /repo/public/index.php:0
[28-May-2023 07:44:18 UTC] PHP   2. FileCMS\Common\View\Html->render($body = *uninitialized*, $cards = *uninitialized*, $meta = *uninitialized*) /repo/public/index.php:19
[28-May-2023 07:44:18 UTC] PHP   3. FileCMS\Common\View\Html->partial($body = '', $cards = TRUE) /repo/vendor/unlikelysource/filecms-core/src/Common/View/Html.php:93
[28-May-2023 07:44:18 UTC] PHP   4. FileCMS\Common\View\Html->runPhpFile($fn = '/repo/templates/site/contact.phtml') /repo/vendor/unlikelysource/filecms-core/src/Common/View/Html.php:131
[28-May-2023 07:44:18 UTC] PHP   5. include() /repo/vendor/unlikelysource/filecms-core/src/Common/View/Html.php:294
[28-May-2023 07:44:18 UTC] PHP   6. FileCMS\Common\Image\Captcha->writeImages($token = '850591f1', $numbers = *uninitialized*) /repo/templates/site/contact.phtml:76
[28-May-2023 07:44:18 UTC] PHP   7. FileCMS\Common\Image\SingleChar->save($fn = '/repo/public/img/captcha/1_850591f1.png') /repo/vendor/unlikelysource/filecms-core/src/Common/Image/Captcha.php:82
[28-May-2023 07:44:18 UTC] PHP   8. imagepng($image = class GdImage {  }, $file = '/repo/public/img/captcha/1_850591f1.png') /repo/vendor/unlikelysource/filecms-core/src/Common/Image/SingleChar.php:123
[28-May-2023 07:44:18 UTC] PHP Warning:  imagepng(/repo/public/img/captcha/2_850591f1.png): Failed to open stream: Permission denied in /repo/vendor/unlikelysource/filecms-core/src/Common/Image/SingleChar.php on line 123
[28-May-2023 07:44:18 UTC] PHP Stack trace:
[28-May-2023 07:44:18 UTC] PHP   1. {main}() /repo/public/index.php:0
[28-May-2023 07:44:18 UTC] PHP   2. FileCMS\Common\View\Html->render($body = *uninitialized*, $cards = *uninitialized*, $meta = *uninitialized*) /repo/public/index.php:19
[28-May-2023 07:44:18 UTC] PHP   3. FileCMS\Common\View\Html->partial($body = '', $cards = TRUE) /repo/vendor/unlikelysource/filecms-core/src/Common/View/Html.php:93
[28-May-2023 07:44:18 UTC] PHP   4. FileCMS\Common\View\Html->runPhpFile($fn = '/repo/templates/site/contact.phtml') /repo/vendor/unlikelysource/filecms-core/src/Common/View/Html.php:131
[28-May-2023 07:44:18 UTC] PHP   5. include() /repo/vendor/unlikelysource/filecms-core/src/Common/View/Html.php:294
[28-May-2023 07:44:18 UTC] PHP   6. FileCMS\Common\Image\Captcha->writeImages($token = '850591f1', $numbers = *uninitialized*) /repo/templates/site/contact.phtml:76
[28-May-2023 07:44:18 UTC] PHP   7. FileCMS\Common\Image\SingleChar->save($fn = '/repo/public/img/captcha/2_850591f1.png') /repo/vendor/unlikelysource/filecms-core/src/Common/Image/Captcha.php:82
[28-May-2023 07:44:18 UTC] PHP   8. imagepng($image = class GdImage {  }, $file = '/repo/public/img/captcha/2_850591f1.png') /repo/vendor/unlikelysource/filecms-core/src/Common/Image/SingleChar.php:123
[28-May-2023 07:44:18 UTC] PHP Warning:  imagepng(/repo/public/img/captcha/3_850591f1.png): Failed to open stream: Permission denied in /repo/vendor/unlikelysource/filecms-core/src/Common/Image/SingleChar.php on line 123
[28-May-2023 07:44:18 UTC] PHP Stack trace:
[28-May-2023 07:44:18 UTC] PHP   1. {main}() /repo/public/index.php:0
[28-May-2023 07:44:18 UTC] PHP   2. FileCMS\Common\View\Html->render($body = *uninitialized*, $cards = *uninitialized*, $meta = *uninitialized*) /repo/public/index.php:19
[28-May-2023 07:44:18 UTC] PHP   3. FileCMS\Common\View\Html->partial($body = '', $cards = TRUE) /repo/vendor/unlikelysource/filecms-core/src/Common/View/Html.php:93
[28-May-2023 07:44:18 UTC] PHP   4. FileCMS\Common\View\Html->runPhpFile($fn = '/repo/templates/site/contact.phtml') /repo/vendor/unlikelysource/filecms-core/src/Common/View/Html.php:131
[28-May-2023 07:44:18 UTC] PHP   5. include() /repo/vendor/unlikelysource/filecms-core/src/Common/View/Html.php:294
[28-May-2023 07:44:18 UTC] PHP   6. FileCMS\Common\Image\Captcha->writeImages($token = '850591f1', $numbers = *uninitialized*) /repo/templates/site/contact.phtml:76
[28-May-2023 07:44:18 UTC] PHP   7. FileCMS\Common\Image\SingleChar->save($fn = '/repo/public/img/captcha/3_850591f1.png') /repo/vendor/unlikelysource/filecms-core/src/Common/Image/Captcha.php:82
[28-May-2023 07:44:18 UTC] PHP   8. imagepng($image = class GdImage {  }, $file = '/repo/public/img/captcha/3_850591f1.png') /repo/vendor/unlikelysource/filecms-core/src/Common/Image/SingleChar.php:123
[28-May-2023 07:44:18 UTC] PHP Warning:  imagepng(/repo/public/img/captcha/4_850591f1.png): Failed to open stream: Permission denied in /repo/vendor/unlikelysource/filecms-core/src/Common/Image/SingleChar.php on line 123
[28-May-2023 07:44:18 UTC] PHP Stack trace:
[28-May-2023 07:44:18 UTC] PHP   1. {main}() /repo/public/index.php:0
[28-May-2023 07:44:18 UTC] PHP   2. FileCMS\Common\View\Html->render($body = *uninitialized*, $cards = *uninitialized*, $meta = *uninitialized*) /repo/public/index.php:19
[28-May-2023 07:44:18 UTC] PHP   3. FileCMS\Common\View\Html->partial($body = '', $cards = TRUE) /repo/vendor/unlikelysource/filecms-core/src/Common/View/Html.php:93
[28-May-2023 07:44:18 UTC] PHP   4. FileCMS\Common\View\Html->runPhpFile($fn = '/repo/templates/site/contact.phtml') /repo/vendor/unlikelysource/filecms-core/src/Common/View/Html.php:131
[28-May-2023 07:44:18 UTC] PHP   5. include() /repo/vendor/unlikelysource/filecms-core/src/Common/View/Html.php:294
[28-May-2023 07:44:18 UTC] PHP   6. FileCMS\Common\Image\Captcha->writeImages($token = '850591f1', $numbers = *uninitialized*) /repo/templates/site/contact.phtml:76
[28-May-2023 07:44:18 UTC] PHP   7. FileCMS\Common\Image\SingleChar->save($fn = '/repo/public/img/captcha/4_850591f1.png') /repo/vendor/unlikelysource/filecms-core/src/Common/Image/Captcha.php:82
[28-May-2023 07:44:18 UTC] PHP   8. imagepng($image = class GdImage {  }, $file = '/repo/public/img/captcha/4_850591f1.png') /repo/vendor/unlikelysource/filecms-core/src/Common/Image/SingleChar.php:123
[28-May-2023 07:44:18 UTC] PHP Warning:  imagepng(/repo/public/img/captcha/5_850591f1.png): Failed to open stream: Permission denied in /repo/vendor/unlikelysource/filecms-core/src/Common/Image/SingleChar.php on line 123
[28-May-2023 07:44:18 UTC] PHP Stack trace:
[28-May-2023 07:44:18 UTC] PHP   1. {main}() /repo/public/index.php:0
[28-May-2023 07:44:18 UTC] PHP   2. FileCMS\Common\View\Html->render($body = *uninitialized*, $cards = *uninitialized*, $meta = *uninitialized*) /repo/public/index.php:19
[28-May-2023 07:44:18 UTC] PHP   3. FileCMS\Common\View\Html->partial($body = '', $cards = TRUE) /repo/vendor/unlikelysource/filecms-core/src/Common/View/Html.php:93
[28-May-2023 07:44:18 UTC] PHP   4. FileCMS\Common\View\Html->runPhpFile($fn = '/repo/templates/site/contact.phtml') /repo/vendor/unlikelysource/filecms-core/src/Common/View/Html.php:131
[28-May-2023 07:44:18 UTC] PHP   5. include() /repo/vendor/unlikelysource/filecms-core/src/Common/View/Html.php:294
[28-May-2023 07:44:18 UTC] PHP   6. FileCMS\Common\Image\Captcha->writeImages($token = '850591f1', $numbers = *uninitialized*) /repo/templates/site/contact.phtml:76
[28-May-2023 07:44:18 UTC] PHP   7. FileCMS\Common\Image\SingleChar->save($fn = '/repo/public/img/captcha/5_850591f1.png') /repo/vendor/unlikelysource/filecms-core/src/Common/Image/Captcha.php:82
[28-May-2023 07:44:18 UTC] PHP   8. imagepng($image = class GdImage {  }, $file = '/repo/public/img/captcha/5_850591f1.png') /repo/vendor/unlikelysource/filecms-core/src/Common/Image/SingleChar.php:123
[28-May-2023 07:44:51 UTC] PHP Warning:  imagepng(/repo/public/img/captcha/0_5ae8ef89.png): Failed to open stream: Permission denied in /repo/vendor/unlikelysource/filecms-core/src/Common/Image/SingleChar.php on line 123
[28-May-2023 07:44:51 UTC] PHP Stack trace:
[28-May-2023 07:44:51 UTC] PHP   1. {main}() /repo/public/index.php:0
[28-May-2023 07:44:51 UTC] PHP   2. FileCMS\Common\View\Html->render($body = *uninitialized*, $cards = *uninitialized*, $meta = *uninitialized*) /repo/public/index.php:19
[28-May-2023 07:44:51 UTC] PHP   3. FileCMS\Common\View\Html->partial($body = '', $cards = TRUE) /repo/vendor/unlikelysource/filecms-core/src/Common/View/Html.php:93
[28-May-2023 07:44:51 UTC] PHP   4. FileCMS\Common\View\Html->runPhpFile($fn = '/repo/templates/site/contact.phtml') /repo/vendor/unlikelysource/filecms-core/src/Common/View/Html.php:131
[28-May-2023 07:44:51 UTC] PHP   5. include() /repo/vendor/unlikelysource/filecms-core/src/Common/View/Html.php:294
[28-May-2023 07:44:51 UTC] PHP   6. FileCMS\Common\Image\Captcha->writeImages($token = '5ae8ef89', $numbers = *uninitialized*) /repo/templates/site/contact.phtml:76
[28-May-2023 07:44:51 UTC] PHP   7. FileCMS\Common\Image\SingleChar->save($fn = '/repo/public/img/captcha/0_5ae8ef89.png') /repo/vendor/unlikelysource/filecms-core/src/Common/Image/Captcha.php:82
[28-May-2023 07:44:51 UTC] PHP   8. imagepng($image = class GdImage {  }, $file = '/repo/public/img/captcha/0_5ae8ef89.png') /repo/vendor/unlikelysource/filecms-core/src/Common/Image/SingleChar.php:123
[28-May-2023 07:44:51 UTC] PHP Warning:  imagepng(/repo/public/img/captcha/1_5ae8ef89.png): Failed to open stream: Permission denied in /repo/vendor/unlikelysource/filecms-core/src/Common/Image/SingleChar.php on line 123
[28-May-2023 07:44:51 UTC] PHP Stack trace:
[28-May-2023 07:44:51 UTC] PHP   1. {main}() /repo/public/index.php:0
[28-May-2023 07:44:51 UTC] PHP   2. FileCMS\Common\View\Html->render($body = *uninitialized*, $cards = *uninitialized*, $meta = *uninitialized*) /repo/public/index.php:19
[28-May-2023 07:44:51 UTC] PHP   3. FileCMS\Common\View\Html->partial($body = '', $cards = TRUE) /repo/vendor/unlikelysource/filecms-core/src/Common/View/Html.php:93
[28-May-2023 07:44:51 UTC] PHP   4. FileCMS\Common\View\Html->runPhpFile($fn = '/repo/templates/site/contact.phtml') /repo/vendor/unlikelysource/filecms-core/src/Common/View/Html.php:131
[28-May-2023 07:44:51 UTC] PHP   5. include() /repo/vendor/unlikelysource/filecms-core/src/Common/View/Html.php:294
[28-May-2023 07:44:51 UTC] PHP   6. FileCMS\Common\Image\Captcha->writeImages($token = '5ae8ef89', $numbers = *uninitialized*) /repo/templates/site/contact.phtml:76
[28-May-2023 07:44:51 UTC] PHP   7. FileCMS\Common\Image\SingleChar->save($fn = '/repo/public/img/captcha/1_5ae8ef89.png') /repo/vendor/unlikelysource/filecms-core/src/Common/Image/Captcha.php:82
[28-May-2023 07:44:51 UTC] PHP   8. imagepng($image = class GdImage {  }, $file = '/repo/public/img/captcha/1_5ae8ef89.png') /repo/vendor/unlikelysource/filecms-core/src/Common/Image/SingleChar.php:123
[28-May-2023 07:44:51 UTC] PHP Warning:  imagepng(/repo/public/img/captcha/2_5ae8ef89.png): Failed to open stream: Permission denied in /repo/vendor/unlikelysource/filecms-core/src/Common/Image/SingleChar.php on line 123
[28-May-2023 07:44:51 UTC] PHP Stack trace:
[28-May-2023 07:44:51 UTC] PHP   1. {main}() /repo/public/index.php:0
[28-May-2023 07:44:51 UTC] PHP   2. FileCMS\Common\View\Html->render($body = *uninitialized*, $cards = *uninitialized*, $meta = *uninitialized*) /repo/public/index.php:19
[28-May-2023 07:44:51 UTC] PHP   3. FileCMS\Common\View\Html->partial($body = '', $cards = TRUE) /repo/vendor/unlikelysource/filecms-core/src/Common/View/Html.php:93
[28-May-2023 07:44:51 UTC] PHP   4. FileCMS\Common\View\Html->runPhpFile($fn = '/repo/templates/site/contact.phtml') /repo/vendor/unlikelysource/filecms-core/src/Common/View/Html.php:131
[28-May-2023 07:44:51 UTC] PHP   5. include() /repo/vendor/unlikelysource/filecms-core/src/Common/View/Html.php:294
[28-May-2023 07:44:51 UTC] PHP   6. FileCMS\Common\Image\Captcha->writeImages($token = '5ae8ef89', $numbers = *uninitialized*) /repo/templates/site/contact.phtml:76
[28-May-2023 07:44:51 UTC] PHP   7. FileCMS\Common\Image\SingleChar->save($fn = '/repo/public/img/captcha/2_5ae8ef89.png') /repo/vendor/unlikelysource/filecms-core/src/Common/Image/Captcha.php:82
[28-May-2023 07:44:51 UTC] PHP   8. imagepng($image = class GdImage {  }, $file = '/repo/public/img/captcha/2_5ae8ef89.png') /repo/vendor/unlikelysource/filecms-core/src/Common/Image/SingleChar.php:123
[28-May-2023 07:44:51 UTC] PHP Warning:  imagepng(/repo/public/img/captcha/3_5ae8ef89.png): Failed to open stream: Permission denied in /repo/vendor/unlikelysource/filecms-core/src/Common/Image/SingleChar.php on line 123
[28-May-2023 07:44:51 UTC] PHP Stack trace:
[28-May-2023 07:44:51 UTC] PHP   1. {main}() /repo/public/index.php:0
[28-May-2023 07:44:51 UTC] PHP   2. FileCMS\Common\View\Html->render($body = *uninitialized*, $cards = *uninitialized*, $meta = *uninitialized*) /repo/public/index.php:19
[28-May-2023 07:44:51 UTC] PHP   3. FileCMS\Common\View\Html->partial($body = '', $cards = TRUE) /repo/vendor/unlikelysource/filecms-core/src/Common/View/Html.php:93
[28-May-2023 07:44:51 UTC] PHP   4. FileCMS\Common\View\Html->runPhpFile($fn = '/repo/templates/site/contact.phtml') /repo/vendor/unlikelysource/filecms-core/src/Common/View/Html.php:131
[28-May-2023 07:44:51 UTC] PHP   5. include() /repo/vendor/unlikelysource/filecms-core/src/Common/View/Html.php:294
[28-May-2023 07:44:51 UTC] PHP   6. FileCMS\Common\Image\Captcha->writeImages($token = '5ae8ef89', $numbers = *uninitialized*) /repo/templates/site/contact.phtml:76
[28-May-2023 07:44:51 UTC] PHP   7. FileCMS\Common\Image\SingleChar->save($fn = '/repo/public/img/captcha/3_5ae8ef89.png') /repo/vendor/unlikelysource/filecms-core/src/Common/Image/Captcha.php:82
[28-May-2023 07:44:51 UTC] PHP   8. imagepng($image = class GdImage {  }, $file = '/repo/public/img/captcha/3_5ae8ef89.png') /repo/vendor/unlikelysource/filecms-core/src/Common/Image/SingleChar.php:123
[28-May-2023 07:44:51 UTC] PHP Warning:  imagepng(/repo/public/img/captcha/4_5ae8ef89.png): Failed to open stream: Permission denied in /repo/vendor/unlikelysource/filecms-core/src/Common/Image/SingleChar.php on line 123
[28-May-2023 07:44:51 UTC] PHP Stack trace:
[28-May-2023 07:44:51 UTC] PHP   1. {main}() /repo/public/index.php:0
[28-May-2023 07:44:51 UTC] PHP   2. FileCMS\Common\View\Html->render($body = *uninitialized*, $cards = *uninitialized*, $meta = *uninitialized*) /repo/public/index.php:19
[28-May-2023 07:44:51 UTC] PHP   3. FileCMS\Common\View\Html->partial($body = '', $cards = TRUE) /repo/vendor/unlikelysource/filecms-core/src/Common/View/Html.php:93
[28-May-2023 07:44:51 UTC] PHP   4. FileCMS\Common\View\Html->runPhpFile($fn = '/repo/templates/site/contact.phtml') /repo/vendor/unlikelysource/filecms-core/src/Common/View/Html.php:131
[28-May-2023 07:44:51 UTC] PHP   5. include() /repo/vendor/unlikelysource/filecms-core/src/Common/View/Html.php:294
[28-May-2023 07:44:51 UTC] PHP   6. FileCMS\Common\Image\Captcha->writeImages($token = '5ae8ef89', $numbers = *uninitialized*) /repo/templates/site/contact.phtml:76
[28-May-2023 07:44:51 UTC] PHP   7. FileCMS\Common\Image\SingleChar->save($fn = '/repo/public/img/captcha/4_5ae8ef89.png') /repo/vendor/unlikelysource/filecms-core/src/Common/Image/Captcha.php:82
[28-May-2023 07:44:51 UTC] PHP   8. imagepng($image = class GdImage {  }, $file = '/repo/public/img/captcha/4_5ae8ef89.png') /repo/vendor/unlikelysource/filecms-core/src/Common/Image/SingleChar.php:123
[28-May-2023 07:44:51 UTC] PHP Warning:  imagepng(/repo/public/img/captcha/5_5ae8ef89.png): Failed to open stream: Permission denied in /repo/vendor/unlikelysource/filecms-core/src/Common/Image/SingleChar.php on line 123
[28-May-2023 07:44:51 UTC] PHP Stack trace:
[28-May-2023 07:44:51 UTC] PHP   1. {main}() /repo/public/index.php:0
[28-May-2023 07:44:51 UTC] PHP   2. FileCMS\Common\View\Html->render($body = *uninitialized*, $cards = *uninitialized*, $meta = *uninitialized*) /repo/public/index.php:19
[28-May-2023 07:44:51 UTC] PHP   3. FileCMS\Common\View\Html->partial($body = '', $cards = TRUE) /repo/vendor/unlikelysource/filecms-core/src/Common/View/Html.php:93
[28-May-2023 07:44:51 UTC] PHP   4. FileCMS\Common\View\Html->runPhpFile($fn = '/repo/templates/site/contact.phtml') /repo/vendor/unlikelysource/filecms-core/src/Common/View/Html.php:131
[28-May-2023 07:44:51 UTC] PHP   5. include() /repo/vendor/unlikelysource/filecms-core/src/Common/View/Html.php:294
[28-May-2023 07:44:51 UTC] PHP   6. FileCMS\Common\Image\Captcha->writeImages($token = '5ae8ef89', $numbers = *uninitialized*) /repo/templates/site/contact.phtml:76
[28-May-2023 07:44:51 UTC] PHP   7. FileCMS\Common\Image\SingleChar->save($fn = '/repo/public/img/captcha/5_5ae8ef89.png') /repo/vendor/unlikelysource/filecms-core/src/Common/Image/Captcha.php:82
[28-May-2023 07:44:51 UTC] PHP   8. imagepng($image = class GdImage {  }, $file = '/repo/public/img/captcha/5_5ae8ef89.png') /repo/vendor/unlikelysource/filecms-core/src/Common/Image/SingleChar.php:123
[28-May-2023 07:45:58 UTC] PHP Warning:  imagepng(/repo/public/img/captcha/0_6d3ffa04.png): Failed to open stream: Permission denied in /repo/vendor/unlikelysource/filecms-core/src/Common/Image/SingleChar.php on line 123
[28-May-2023 07:45:58 UTC] PHP Stack trace:
[28-May-2023 07:45:58 UTC] PHP   1. {main}() /repo/public/index.php:0
[28-May-2023 07:45:58 UTC] PHP   2. FileCMS\Common\View\Html->render($body = *uninitialized*, $cards = *uninitialized*, $meta = *uninitialized*) /repo/public/index.php:19
[28-May-2023 07:45:58 UTC] PHP   3. FileCMS\Common\View\Html->partial($body = '', $cards = TRUE) /repo/vendor/unlikelysource/filecms-core/src/Common/View/Html.php:93
[28-May-2023 07:45:58 UTC] PHP   4. FileCMS\Common\View\Html->runPhpFile($fn = '/repo/templates/site/contact.phtml') /repo/vendor/unlikelysource/filecms-core/src/Common/View/Html.php:131
[28-May-2023 07:45:58 UTC] PHP   5. include() /repo/vendor/unlikelysource/filecms-core/src/Common/View/Html.php:294
[28-May-2023 07:45:58 UTC] PHP   6. FileCMS\Common\Image\Captcha->writeImages($token = '6d3ffa04', $numbers = *uninitialized*) /repo/templates/site/contact.phtml:76
[28-May-2023 07:45:58 UTC] PHP   7. FileCMS\Common\Image\SingleChar->save($fn = '/repo/public/img/captcha/0_6d3ffa04.png') /repo/vendor/unlikelysource/filecms-core/src/Common/Image/Captcha.php:82
[28-May-2023 07:45:58 UTC] PHP   8. imagepng($image = class GdImage {  }, $file = '/repo/public/img/captcha/0_6d3ffa04.png') /repo/vendor/unlikelysource/filecms-core/src/Common/Image/SingleChar.php:123
[28-May-2023 07:45:58 UTC] PHP Warning:  imagepng(/repo/public/img/captcha/1_6d3ffa04.png): Failed to open stream: Permission denied in /repo/vendor/unlikelysource/filecms-core/src/Common/Image/SingleChar.php on line 123
[28-May-2023 07:45:58 UTC] PHP Stack trace:
[28-May-2023 07:45:58 UTC] PHP   1. {main}() /repo/public/index.php:0
[28-May-2023 07:45:58 UTC] PHP   2. FileCMS\Common\View\Html->render($body = *uninitialized*, $cards = *uninitialized*, $meta = *uninitialized*) /repo/public/index.php:19
[28-May-2023 07:45:58 UTC] PHP   3. FileCMS\Common\View\Html->partial($body = '', $cards = TRUE) /repo/vendor/unlikelysource/filecms-core/src/Common/View/Html.php:93
[28-May-2023 07:45:58 UTC] PHP   4. FileCMS\Common\View\Html->runPhpFile($fn = '/repo/templates/site/contact.phtml') /repo/vendor/unlikelysource/filecms-core/src/Common/View/Html.php:131
[28-May-2023 07:45:58 UTC] PHP   5. include() /repo/vendor/unlikelysource/filecms-core/src/Common/View/Html.php:294
[28-May-2023 07:45:58 UTC] PHP   6. FileCMS\Common\Image\Captcha->writeImages($token = '6d3ffa04', $numbers = *uninitialized*) /repo/templates/site/contact.phtml:76
[28-May-2023 07:45:58 UTC] PHP   7. FileCMS\Common\Image\SingleChar->save($fn = '/repo/public/img/captcha/1_6d3ffa04.png') /repo/vendor/unlikelysource/filecms-core/src/Common/Image/Captcha.php:82
[28-May-2023 07:45:58 UTC] PHP   8. imagepng($image = class GdImage {  }, $file = '/repo/public/img/captcha/1_6d3ffa04.png') /repo/vendor/unlikelysource/filecms-core/src/Common/Image/SingleChar.php:123
[28-May-2023 07:45:58 UTC] PHP Warning:  imagepng(/repo/public/img/captcha/2_6d3ffa04.png): Failed to open stream: Permission denied in /repo/vendor/unlikelysource/filecms-core/src/Common/Image/SingleChar.php on line 123
[28-May-2023 07:45:58 UTC] PHP Stack trace:
[28-May-2023 07:45:58 UTC] PHP   1. {main}() /repo/public/index.php:0
[28-May-2023 07:45:58 UTC] PHP   2. FileCMS\Common\View\Html->render($body = *uninitialized*, $cards = *uninitialized*, $meta = *uninitialized*) /repo/public/index.php:19
[28-May-2023 07:45:58 UTC] PHP   3. FileCMS\Common\View\Html->partial($body = '', $cards = TRUE) /repo/vendor/unlikelysource/filecms-core/src/Common/View/Html.php:93
[28-May-2023 07:45:58 UTC] PHP   4. FileCMS\Common\View\Html->runPhpFile($fn = '/repo/templates/site/contact.phtml') /repo/vendor/unlikelysource/filecms-core/src/Common/View/Html.php:131
[28-May-2023 07:45:58 UTC] PHP   5. include() /repo/vendor/unlikelysource/filecms-core/src/Common/View/Html.php:294
[28-May-2023 07:45:58 UTC] PHP   6. FileCMS\Common\Image\Captcha->writeImages($token = '6d3ffa04', $numbers = *uninitialized*) /repo/templates/site/contact.phtml:76
[28-May-2023 07:45:58 UTC] PHP   7. FileCMS\Common\Image\SingleChar->save($fn = '/repo/public/img/captcha/2_6d3ffa04.png') /repo/vendor/unlikelysource/filecms-core/src/Common/Image/Captcha.php:82
[28-May-2023 07:45:58 UTC] PHP   8. imagepng($image = class GdImage {  }, $file = '/repo/public/img/captcha/2_6d3ffa04.png') /repo/vendor/unlikelysource/filecms-core/src/Common/Image/SingleChar.php:123
[28-May-2023 07:45:58 UTC] PHP Warning:  imagepng(/repo/public/img/captcha/3_6d3ffa04.png): Failed to open stream: Permission denied in /repo/vendor/unlikelysource/filecms-core/src/Common/Image/SingleChar.php on line 123
[28-May-2023 07:45:58 UTC] PHP Stack trace:
[28-May-2023 07:45:58 UTC] PHP   1. {main}() /repo/public/index.php:0
[28-May-2023 07:45:58 UTC] PHP   2. FileCMS\Common\View\Html->render($body = *uninitialized*, $cards = *uninitialized*, $meta = *uninitialized*) /repo/public/index.php:19
[28-May-2023 07:45:58 UTC] PHP   3. FileCMS\Common\View\Html->partial($body = '', $cards = TRUE) /repo/vendor/unlikelysource/filecms-core/src/Common/View/Html.php:93
[28-May-2023 07:45:58 UTC] PHP   4. FileCMS\Common\View\Html->runPhpFile($fn = '/repo/templates/site/contact.phtml') /repo/vendor/unlikelysource/filecms-core/src/Common/View/Html.php:131
[28-May-2023 07:45:58 UTC] PHP   5. include() /repo/vendor/unlikelysource/filecms-core/src/Common/View/Html.php:294
[28-May-2023 07:45:58 UTC] PHP   6. FileCMS\Common\Image\Captcha->writeImages($token = '6d3ffa04', $numbers = *uninitialized*) /repo/templates/site/contact.phtml:76
[28-May-2023 07:45:58 UTC] PHP   7. FileCMS\Common\Image\SingleChar->save($fn = '/repo/public/img/captcha/3_6d3ffa04.png') /repo/vendor/unlikelysource/filecms-core/src/Common/Image/Captcha.php:82
[28-May-2023 07:45:58 UTC] PHP   8. imagepng($image = class GdImage {  }, $file = '/repo/public/img/captcha/3_6d3ffa04.png') /repo/vendor/unlikelysource/filecms-core/src/Common/Image/SingleChar.php:123
[28-May-2023 07:45:58 UTC] PHP Warning:  imagepng(/repo/public/img/captcha/4_6d3ffa04.png): Failed to open stream: Permission denied in /repo/vendor/unlikelysource/filecms-core/src/Common/Image/SingleChar.php on line 123
[28-May-2023 07:45:58 UTC] PHP Stack trace:
[28-May-2023 07:45:58 UTC] PHP   1. {main}() /repo/public/index.php:0
[28-May-2023 07:45:58 UTC] PHP   2. FileCMS\Common\View\Html->render($body = *uninitialized*, $cards = *uninitialized*, $meta = *uninitialized*) /repo/public/index.php:19
[28-May-2023 07:45:58 UTC] PHP   3. FileCMS\Common\View\Html->partial($body = '', $cards = TRUE) /repo/vendor/unlikelysource/filecms-core/src/Common/View/Html.php:93
[28-May-2023 07:45:58 UTC] PHP   4. FileCMS\Common\View\Html->runPhpFile($fn = '/repo/templates/site/contact.phtml') /repo/vendor/unlikelysource/filecms-core/src/Common/View/Html.php:131
[28-May-2023 07:45:58 UTC] PHP   5. include() /repo/vendor/unlikelysource/filecms-core/src/Common/View/Html.php:294
[28-May-2023 07:45:58 UTC] PHP   6. FileCMS\Common\Image\Captcha->writeImages($token = '6d3ffa04', $numbers = *uninitialized*) /repo/templates/site/contact.phtml:76
[28-May-2023 07:45:58 UTC] PHP   7. FileCMS\Common\Image\SingleChar->save($fn = '/repo/public/img/captcha/4_6d3ffa04.png') /repo/vendor/unlikelysource/filecms-core/src/Common/Image/Captcha.php:82
[28-May-2023 07:45:58 UTC] PHP   8. imagepng($image = class GdImage {  }, $file = '/repo/public/img/captcha/4_6d3ffa04.png') /repo/vendor/unlikelysource/filecms-core/src/Common/Image/SingleChar.php:123
[28-May-2023 07:45:58 UTC] PHP Warning:  imagepng(/repo/public/img/captcha/5_6d3ffa04.png): Failed to open stream: Permission denied in /repo/vendor/unlikelysource/filecms-core/src/Common/Image/SingleChar.php on line 123
[28-May-2023 07:45:58 UTC] PHP Stack trace:
[28-May-2023 07:45:58 UTC] PHP   1. {main}() /repo/public/index.php:0
[28-May-2023 07:45:58 UTC] PHP   2. FileCMS\Common\View\Html->render($body = *uninitialized*, $cards = *uninitialized*, $meta = *uninitialized*) /repo/public/index.php:19
[28-May-2023 07:45:58 UTC] PHP   3. FileCMS\Common\View\Html->partial($body = '', $cards = TRUE) /repo/vendor/unlikelysource/filecms-core/src/Common/View/Html.php:93
[28-May-2023 07:45:58 UTC] PHP   4. FileCMS\Common\View\Html->runPhpFile($fn = '/repo/templates/site/contact.phtml') /repo/vendor/unlikelysource/filecms-core/src/Common/View/Html.php:131
[28-May-2023 07:45:58 UTC] PHP   5. include() /repo/vendor/unlikelysource/filecms-core/src/Common/View/Html.php:294
[28-May-2023 07:45:58 UTC] PHP   6. FileCMS\Common\Image\Captcha->writeImages($token = '6d3ffa04', $numbers = *uninitialized*) /repo/templates/site/contact.phtml:76
[28-May-2023 07:45:58 UTC] PHP   7. FileCMS\Common\Image\SingleChar->save($fn = '/repo/public/img/captcha/5_6d3ffa04.png') /repo/vendor/unlikelysource/filecms-core/src/Common/Image/Captcha.php:82
[28-May-2023 07:45:58 UTC] PHP   8. imagepng($image = class GdImage {  }, $file = '/repo/public/img/captcha/5_6d3ffa04.png') /repo/vendor/unlikelysource/filecms-core/src/Common/Image/SingleChar.php:123
